2026-07-06 17:55:41,573 - INFO - Cliente registrado: Angela 
2026-07-06 18:08:30,353 - INFO - Cliente registrado: Angela 2
2026-07-06 18:50:56,622 - INFO - Cliente registrado: Juanita
2026-07-06 18:52:04,724 - ERROR - El cliente ya se encuentra registrado.
2026-07-06 18:59:32,496 - INFO - Cliente registrado: Pepito
2026-07-06 19:03:28,998 - INFO - Cliente registrado: Pepito
2026-07-06 19:03:37,894 - INFO - Cliente modificado: Pepito Perez
2026-07-06 19:03:53,010 - INFO - Cliente modificado: Pepito Perez
2026-07-06 19:07:35,463 - INFO - Cliente eliminado: Pepito Perez
2026-07-06 19:07:39,786 - INFO - Cliente registrado: Pepito Perez
2026-07-06 19:44:37,925 - INFO - Servicio agregado: Sala Ejecutiva
2026-07-06 19:45:36,273 - INFO - Servicio agregado: Portatal Dell
2026-07-06 19:46:23,311 - INFO - Servicio agregado: Asesoria Python
2026-07-06 19:51:17,852 - INFO - Servicio agregado: Asesoria
2026-07-06 19:51:37,782 - ERROR - El servicio ya se encuentra registrado.
2026-07-06 19:59:08,446 - INFO - Servicio agregado: prestamo equipo
2026-07-06 20:03:10,421 - INFO - Servicio agregado: Asesoria
2026-07-06 20:32:58,715 - INFO - Servicio agregado: pcs
2026-07-06 20:36:34,714 - INFO - Servicio agregado: portatiles
2026-07-06 20:50:19,593 - INFO - Servicio agregado: porta
2026-07-06 20:51:42,095 - INFO - Servicio agregado: porta
2026-07-06 20:51:46,600 - INFO - Servicio eliminado: porta
2026-07-06 20:57:38,093 - INFO - Servicio agregado: Asesoria Legal
2026-07-06 21:05:16,051 - INFO - Servicio agregado: Asesori
2026-07-06 21:05:45,187 - INFO - Servicio eliminado: Asesori
2026-07-06 21:05:54,569 - INFO - Servicio agregado: Asesoria 3
2026-07-06 21:06:02,497 - INFO - Servicio modificado: Asesoria 3
2026-07-06 21:06:22,871 - INFO - Servicio modificado: Asesoria 3
2026-07-06 21:12:41,690 - INFO - Servicio agregado: portatil
2026-07-06 21:23:21,891 - INFO - Servicio agregado: lapto
2026-07-06 21:24:36,465 - INFO - Servicio agregado: laptops mante
2026-07-06 21:24:46,227 - INFO - Servicio modificado: laptops mante
2026-07-06 21:24:55,082 - INFO - Servicio eliminado: laptops mante
